Removed Pin From Net: NetName=FW_V24 Pin=JP3-1
Removed Pin From Net: NetName=FW_V24 Pin=JP3-2
Removed Pin From Net: NetName=UART1_TXD Pin=JP3-5
Removed Pin From Net: NetName=UART1_RXD Pin=JP3-6
Change Component Designator: OldDesignator=C6 NewDesignator=C8
Change Component Designator: OldDesignator=C7 NewDesignator=C9
Change Component Designator: OldDesignator=C8 NewDesignator=C10
Change Component Designator: OldDesignator=C9_Lock1 NewDesignator=C6_Lock1
Change Component Designator: OldDesignator=C9_Lock2 NewDesignator=C6_Lock2
Change Component Designator: OldDesignator=C9_Lock3 NewDesignator=C6_Lock3
Change Component Designator: OldDesignator=C9_Lock4 NewDesignator=C6_Lock4
Change Component Designator: OldDesignator=C9_Lock5 NewDesignator=C6_Lock5
Change Component Designator: OldDesignator=C10_Lock1 NewDesignator=C7_Lock1
Change Component Designator: OldDesignator=C10_Lock2 NewDesignator=C7_Lock2
Change Component Designator: OldDesignator=C10_Lock3 NewDesignator=C7_Lock3
Change Component Designator: OldDesignator=C10_Lock4 NewDesignator=C7_Lock4
Change Component Designator: OldDesignator=C10_Lock5 NewDesignator=C7_Lock5
Change Component Designator: OldDesignator=D2 NewDesignator=D3
Change Component Designator: OldDesignator=D3 NewDesignator=D4
Change Component Designator: OldDesignator=D4 NewDesignator=D5
Change Component Designator: OldDesignator=D5_Lock1 NewDesignator=D2_Lock1
Change Component Designator: OldDesignator=D5_Lock2 NewDesignator=D2_Lock2
Change Component Designator: OldDesignator=D5_Lock3 NewDesignator=D2_Lock3
Change Component Designator: OldDesignator=D5_Lock4 NewDesignator=D2_Lock4
Change Component Designator: OldDesignator=D5_Lock5 NewDesignator=D2_Lock5
Change Component Designator: OldDesignator=ESD1 NewDesignator=ESD2
Change Component Designator: OldDesignator=ESD2 NewDesignator=ESD3
Change Component Designator: OldDesignator=ESD3_Lock1 NewDesignator=ESD1_Lock1
Change Component Designator: OldDesignator=ESD3_Lock2 NewDesignator=ESD1_Lock2
Change Component Designator: OldDesignator=ESD3_Lock3 NewDesignator=ESD1_Lock3
Change Component Designator: OldDesignator=ESD3_Lock4 NewDesignator=ESD1_Lock4
Change Component Designator: OldDesignator=ESD3_Lock5 NewDesignator=ESD1_Lock5
Change Component Designator: OldDesignator=R3 NewDesignator=R9
Change Component Designator: OldDesignator=R4 NewDesignator=R10
Change Component Designator: OldDesignator=R5 NewDesignator=R11
Change Component Designator: OldDesignator=R6 NewDesignator=R12
Change Component Designator: OldDesignator=R7 NewDesignator=R13
Change Component Designator: OldDesignator=R8 NewDesignator=R14
Change Component Designator: OldDesignator=R9 NewDesignator=R15
Change Component Designator: OldDesignator=R10_Lock1 NewDesignator=R3_Lock1
Change Component Designator: OldDesignator=R10_Lock2 NewDesignator=R3_Lock2
Change Component Designator: OldDesignator=R10_Lock3 NewDesignator=R3_Lock3
Change Component Designator: OldDesignator=R10_Lock4 NewDesignator=R3_Lock4
Change Component Designator: OldDesignator=R10_Lock5 NewDesignator=R3_Lock5
Change Component Designator: OldDesignator=R11_Lock1 NewDesignator=R4_Lock1
Change Component Designator: OldDesignator=R11_Lock2 NewDesignator=R4_Lock2
Change Component Designator: OldDesignator=R11_Lock3 NewDesignator=R4_Lock3
Change Component Designator: OldDesignator=R11_Lock4 NewDesignator=R4_Lock4
Change Component Designator: OldDesignator=R11_Lock5 NewDesignator=R4_Lock5
Change Component Designator: OldDesignator=R12_Lock1 NewDesignator=R5_Lock1
Change Component Designator: OldDesignator=R12_Lock2 NewDesignator=R5_Lock2
Change Component Designator: OldDesignator=R12_Lock3 NewDesignator=R5_Lock3
Change Component Designator: OldDesignator=R12_Lock4 NewDesignator=R5_Lock4
Change Component Designator: OldDesignator=R12_Lock5 NewDesignator=R5_Lock5
Change Component Designator: OldDesignator=R13_Lock1 NewDesignator=R6_Lock1
Change Component Designator: OldDesignator=R13_Lock2 NewDesignator=R6_Lock2
Change Component Designator: OldDesignator=R13_Lock3 NewDesignator=R6_Lock3
Change Component Designator: OldDesignator=R13_Lock4 NewDesignator=R6_Lock4
Change Component Designator: OldDesignator=R13_Lock5 NewDesignator=R6_Lock5
Change Component Designator: OldDesignator=R14_Lock1 NewDesignator=R7_Lock1
Change Component Designator: OldDesignator=R14_Lock2 NewDesignator=R7_Lock2
Change Component Designator: OldDesignator=R14_Lock3 NewDesignator=R7_Lock3
Change Component Designator: OldDesignator=R14_Lock4 NewDesignator=R7_Lock4
Change Component Designator: OldDesignator=R14_Lock5 NewDesignator=R7_Lock5
Change Component Designator: OldDesignator=R15_Lock1 NewDesignator=R8_Lock1
Change Component Designator: OldDesignator=R15_Lock2 NewDesignator=R8_Lock2
Change Component Designator: OldDesignator=R15_Lock3 NewDesignator=R8_Lock3
Change Component Designator: OldDesignator=R15_Lock4 NewDesignator=R8_Lock4
Change Component Designator: OldDesignator=R15_Lock5 NewDesignator=R8_Lock5
Added Pin To Net: NetName=FW_V3.3 Pin=C8-1
Added Pin To Net: NetName=FW_V3.3 Pin=D3-1
Added Pin To Net: NetName=FW_V3.3 Pin=D5-2
Added Pin To Net: NetName=FW_V3.3 Pin=ESD3-2
Added Pin To Net: NetName=NetFUSE_1_2 Pin=JP3-1
Added Pin To Net: NetName=NetFUSE_1_2 Pin=JP3-2
Added Pin To Net: NetName=UART1_RXD Pin=JP3-5
Added Pin To Net: NetName=UART1_TXD Pin=JP3-6
Added Pin To Net: NetName=FW_V3.3 Pin=L1-2
Added Pin To Net: NetName=FW_V3.3 Pin=LED1-A
Added Pin To Net: NetName=FW_V3.3 Pin=R12-2
Change Net Name : Old Net Name=NetC7_1 New Net Name=NetC9_1
Change Net Name : Old Net Name=NetC7_2 New Net Name=NetC9_2
Change Net Name : Old Net Name=NetC9_Lock1_1 New Net Name=NetC6_Lock1_1
Change Net Name : Old Net Name=NetC9_Lock2_1 New Net Name=NetC6_Lock2_1
Change Net Name : Old Net Name=NetC9_Lock3_1 New Net Name=NetC6_Lock3_1
Change Net Name : Old Net Name=NetC9_Lock4_1 New Net Name=NetC6_Lock4_1
Change Net Name : Old Net Name=NetC9_Lock5_1 New Net Name=NetC6_Lock5_1
Change Net Name : Old Net Name=NetC10_Lock1_2 New Net Name=NetC7_Lock1_2
Change Net Name : Old Net Name=NetC10_Lock2_2 New Net Name=NetC7_Lock2_2
Change Net Name : Old Net Name=NetC10_Lock3_2 New Net Name=NetC7_Lock3_2
Change Net Name : Old Net Name=NetC10_Lock4_2 New Net Name=NetC7_Lock4_2
Change Net Name : Old Net Name=NetC10_Lock5_2 New Net Name=NetC7_Lock5_2
Change Net Name : Old Net Name=NetFUSE_1_2 New Net Name=VIN
Change Net Name : Old Net Name=NetR3_1 New Net Name=NetR9_1
Change Net Name : Old Net Name=NetR4_1 New Net Name=NetR10_1
Change Net Name : Old Net Name=NetR5_1 New Net Name=NetR11_1
