Added Component: Designator=C1(0805_C)
Added Component: Designator=C2(0603_C)
Added Component: Designator=C3(0603_C)
Added Component: Designator=C4(0603_C)
Added Component: Designator=C5(0603_C)
Added Component: Designator=C6(0805_C)
Added Component: Designator=C7(0603_C)
Added Component: Designator=C8(0805_C)
Added Component: Designator=C9_Lock1(0805_C)
Added Component: Designator=C9_Lock2(0805_C)
Added Component: Designator=C9_Lock3(0805_C)
Added Component: Designator=C9_Lock4(0805_C)
Added Component: Designator=C9_Lock5(0805_C)
Added Component: Designator=C10_Lock1(0805_C)
Added Component: Designator=C10_Lock2(0805_C)
Added Component: Designator=C10_Lock3(0805_C)
Added Component: Designator=C10_Lock4(0805_C)
Added Component: Designator=C10_Lock5(0805_C)
Added Component: Designator=CON1_Lock1(PH2.0-WS-4P)
Added Component: Designator=CON1_Lock2(PH2.0-WS-4P)
Added Component: Designator=CON1_Lock3(PH2.0-WS-4P)
Added Component: Designator=CON1_Lock4(PH2.0-WS-4P)
Added Component: Designator=CON1_Lock5(PH2.0-WS-4P)
Added Component: Designator=D1(SMA(DO-214AC)_S1)
Added Component: Designator=D2(SOD-323)
Added Component: Designator=D3(SMA(DO-214AC)_S1)
Added Component: Designator=D4(LL-34)
Added Component: Designator=D5_Lock1(SOD-123)
Added Component: Designator=D5_Lock2(SOD-123)
Added Component: Designator=D5_Lock3(SOD-123)
Added Component: Designator=D5_Lock4(SOD-123)
Added Component: Designator=D5_Lock5(SOD-123)
Added Component: Designator=ESD1(SOD-523)
Added Component: Designator=ESD2(SOD-523)
Added Component: Designator=ESD3_Lock1(SOD-523)
Added Component: Designator=ESD3_Lock2(SOD-523)
Added Component: Designator=ESD3_Lock3(SOD-523)
Added Component: Designator=ESD3_Lock4(SOD-523)
Added Component: Designator=ESD3_Lock5(SOD-523)
Added Component: Designator=FB1(0805_L)
Added Component: Designator=FB2(0805_L)
Added Component: Designator=FUSE_1(SMD1812P260)
Added Component: Designator=JP1(XH2.54-WS-5P)
Added Component: Designator=JP2(XH2.54-WS-4P)
Added Component: Designator=JP3(XH2.54-WS-4P)
Added Component: Designator=L1(L_4030)
Added Component: Designator=LED1(0603_LED_S1)
Added Component: Designator=LED2(0603_LED_S1)
Added Component: Designator=Q1_Lock1(SOT-23-3L)
Added Component: Designator=Q1_Lock2(SOT-23-3L)
Added Component: Designator=Q1_Lock3(SOT-23-3L)
Added Component: Designator=Q1_Lock4(SOT-23-3L)
Added Component: Designator=Q1_Lock5(SOT-23-3L)
Added Component: Designator=Q2_Lock1(SOT-23(SOT-23-3))
Added Component: Designator=Q2_Lock2(SOT-23(SOT-23-3))
Added Component: Designator=Q2_Lock3(SOT-23(SOT-23-3))
Added Component: Designator=Q2_Lock4(SOT-23(SOT-23-3))
Added Component: Designator=Q2_Lock5(SOT-23(SOT-23-3))
Added Component: Designator=R1(0805_R)
Added Component: Designator=R2(0805_R)
Added Component: Designator=R3(0603_R)
Added Component: Designator=R4(0603_R)
Added Component: Designator=R5(0603_R)
Added Component: Designator=R6(0603_R)
Added Component: Designator=R7(0805_R)
Added Component: Designator=R8(0805_R)
Added Component: Designator=R9(0603_R)
Added Component: Designator=R10_Lock1(0805_R)
Added Component: Designator=R10_Lock2(0805_R)
Added Component: Designator=R10_Lock3(0805_R)
Added Component: Designator=R10_Lock4(0805_R)
Added Component: Designator=R10_Lock5(0805_R)
Added Component: Designator=R11_Lock1(0805_R)
Added Component: Designator=R11_Lock2(0805_R)
Added Component: Designator=R11_Lock3(0805_R)
Added Component: Designator=R11_Lock4(0805_R)
Added Component: Designator=R11_Lock5(0805_R)
Added Component: Designator=R12_Lock1(0805_R)
Added Component: Designator=R12_Lock2(0805_R)
Added Component: Designator=R12_Lock3(0805_R)
Added Component: Designator=R12_Lock4(0805_R)
Added Component: Designator=R12_Lock5(0805_R)
Added Component: Designator=R13_Lock1(0805_R)
Added Component: Designator=R13_Lock2(0805_R)
Added Component: Designator=R13_Lock3(0805_R)
Added Component: Designator=R13_Lock4(0805_R)
Added Component: Designator=R13_Lock5(0805_R)
Added Component: Designator=R14_Lock1(0805_R)
Added Component: Designator=R14_Lock2(0805_R)
Added Component: Designator=R14_Lock3(0805_R)
Added Component: Designator=R14_Lock4(0805_R)
Added Component: Designator=R14_Lock5(0805_R)
Added Component: Designator=R15_Lock1(0805_R)
Added Component: Designator=R15_Lock2(0805_R)
Added Component: Designator=R15_Lock3(0805_R)
Added Component: Designator=R15_Lock4(0805_R)
Added Component: Designator=R15_Lock5(0805_R)
Added Component: Designator=S1(key)
Added Component: Designator=TP1_Lock1(TP)
Added Component: Designator=TP1_Lock2(TP)
Added Component: Designator=TP1_Lock3(TP)
Added Component: Designator=TP1_Lock4(TP)
Added Component: Designator=TP1_Lock5(TP)
Added Component: Designator=TP2_Lock1(TP)
Added Component: Designator=TP2_Lock2(TP)
Added Component: Designator=TP2_Lock3(TP)
Added Component: Designator=TP2_Lock4(TP)
Added Component: Designator=TP2_Lock5(TP)
Added Component: Designator=U1(LQFP-48_7x7x05P)
Added Component: Designator=U2(SOT-23-6)
Added Pin To Net: NetName=FW_GND Pin=C1-1
Added Pin To Net: NetName=NRST Pin=C1-2
Added Pin To Net: NetName=FW_V3.3 Pin=C2-1
Added Pin To Net: NetName=FW_GND Pin=C2-2
Added Pin To Net: NetName=FW_V3.3 Pin=C3-1
Added Pin To Net: NetName=FW_GND Pin=C3-2
Added Pin To Net: NetName=FW_V3.3 Pin=C4-1
Added Pin To Net: NetName=FW_GND Pin=C4-2
Added Pin To Net: NetName=FW_V3.3 Pin=C5-1
Added Pin To Net: NetName=FW_GND Pin=C5-2
Added Pin To Net: NetName=V3.3 Pin=C6-1
Added Pin To Net: NetName=FW_GND Pin=C6-2
Added Pin To Net: NetName=NetC7_1 Pin=C7-1
Added Pin To Net: NetName=NetC7_2 Pin=C7-2
Added Pin To Net: NetName=FW_GND Pin=C8-1
Added Pin To Net: NetName=V24 Pin=C8-2
Added Pin To Net: NetName=NetC9_Lock1_1 Pin=C9_Lock1-1
Added Pin To Net: NetName=FW_V24 Pin=C9_Lock1-2
Added Pin To Net: NetName=NetC9_Lock2_1 Pin=C9_Lock2-1
Added Pin To Net: NetName=FW_V24 Pin=C9_Lock2-2
Added Pin To Net: NetName=NetC9_Lock3_1 Pin=C9_Lock3-1
Added Pin To Net: NetName=FW_V24 Pin=C9_Lock3-2
Added Pin To Net: NetName=NetC9_Lock4_1 Pin=C9_Lock4-1
Added Pin To Net: NetName=FW_V24 Pin=C9_Lock4-2
Added Pin To Net: NetName=NetC9_Lock5_1 Pin=C9_Lock5-1
Added Pin To Net: NetName=FW_V24 Pin=C9_Lock5-2
Added Pin To Net: NetName=FW_GND Pin=C10_Lock1-1
Added Pin To Net: NetName=NetC10_Lock1_2 Pin=C10_Lock1-2
Added Pin To Net: NetName=FW_GND Pin=C10_Lock2-1
Added Pin To Net: NetName=NetC10_Lock2_2 Pin=C10_Lock2-2
Added Pin To Net: NetName=FW_GND Pin=C10_Lock3-1
Added Pin To Net: NetName=NetC10_Lock3_2 Pin=C10_Lock3-2
Added Pin To Net: NetName=FW_GND Pin=C10_Lock4-1
Added Pin To Net: NetName=NetC10_Lock4_2 Pin=C10_Lock4-2
Added Pin To Net: NetName=FW_GND Pin=C10_Lock5-1
Added Pin To Net: NetName=NetC10_Lock5_2 Pin=C10_Lock5-2
Added Pin To Net: NetName=NetC10_Lock1_2 Pin=CON1_Lock1-1
Added Pin To Net: NetName=FW_GND Pin=CON1_Lock1-2
Added Pin To Net: NetName=FW_GND Pin=CON1_Lock1-3
Added Pin To Net: NetName=NetCON1_Lock1_4 Pin=CON1_Lock1-4
Added Pin To Net: NetName=NetC10_Lock2_2 Pin=CON1_Lock2-1
Added Pin To Net: NetName=FW_GND Pin=CON1_Lock2-2
Added Pin To Net: NetName=FW_GND Pin=CON1_Lock2-3
Added Pin To Net: NetName=NetCON1_Lock2_4 Pin=CON1_Lock2-4
Added Pin To Net: NetName=NetC10_Lock3_2 Pin=CON1_Lock3-1
Added Pin To Net: NetName=FW_GND Pin=CON1_Lock3-2
Added Pin To Net: NetName=FW_GND Pin=CON1_Lock3-3
Added Pin To Net: NetName=NetCON1_Lock3_4 Pin=CON1_Lock3-4
Added Pin To Net: NetName=NetC10_Lock4_2 Pin=CON1_Lock4-1
Added Pin To Net: NetName=FW_GND Pin=CON1_Lock4-2
Added Pin To Net: NetName=FW_GND Pin=CON1_Lock4-3
Added Pin To Net: NetName=NetCON1_Lock4_4 Pin=CON1_Lock4-4
Added Pin To Net: NetName=NetC10_Lock5_2 Pin=CON1_Lock5-1
Added Pin To Net: NetName=FW_GND Pin=CON1_Lock5-2
Added Pin To Net: NetName=FW_GND Pin=CON1_Lock5-3
Added Pin To Net: NetName=NetCON1_Lock5_4 Pin=CON1_Lock5-4
Added Pin To Net: NetName=NetD1_1 Pin=D1-1
Added Pin To Net: NetName=V24 Pin=D1-2
Added Pin To Net: NetName=V3.3 Pin=D2-1
Added Pin To Net: NetName=NetC7_1 Pin=D2-2
Added Pin To Net: NetName=SGND Pin=D3-1
Added Pin To Net: NetName=NetC7_2 Pin=D3-2
Added Pin To Net: NetName=FW_GND Pin=D4-1
Added Pin To Net: NetName=V3.3 Pin=D4-2
Added Pin To Net: NetName=FW_GND Pin=D5_Lock1-1
Added Pin To Net: NetName=NetC10_Lock1_2 Pin=D5_Lock1-2
Added Pin To Net: NetName=FW_GND Pin=D5_Lock2-1
Added Pin To Net: NetName=NetC10_Lock2_2 Pin=D5_Lock2-2
Added Pin To Net: NetName=FW_GND Pin=D5_Lock3-1
Added Pin To Net: NetName=NetC10_Lock3_2 Pin=D5_Lock3-2
Added Pin To Net: NetName=FW_GND Pin=D5_Lock4-1
Added Pin To Net: NetName=NetC10_Lock4_2 Pin=D5_Lock4-2
Added Pin To Net: NetName=FW_GND Pin=D5_Lock5-1
Added Pin To Net: NetName=NetC10_Lock5_2 Pin=D5_Lock5-2
Added Pin To Net: NetName=FW_GND Pin=ESD1-1
Added Pin To Net: NetName=V24 Pin=ESD1-2
Added Pin To Net: NetName=FW_GND Pin=ESD2-1
Added Pin To Net: NetName=V3.3 Pin=ESD2-2
Added Pin To Net: NetName=NetCON1_Lock1_4 Pin=ESD3_Lock1-1
Added Pin To Net: NetName=FW_GND Pin=ESD3_Lock1-2
Added Pin To Net: NetName=NetCON1_Lock2_4 Pin=ESD3_Lock2-1
Added Pin To Net: NetName=FW_GND Pin=ESD3_Lock2-2
Added Pin To Net: NetName=NetCON1_Lock3_4 Pin=ESD3_Lock3-1
Added Pin To Net: NetName=FW_GND Pin=ESD3_Lock3-2
Added Pin To Net: NetName=NetCON1_Lock4_4 Pin=ESD3_Lock4-1
Added Pin To Net: NetName=FW_GND Pin=ESD3_Lock4-2
Added Pin To Net: NetName=NetCON1_Lock5_4 Pin=ESD3_Lock5-1
Added Pin To Net: NetName=FW_GND Pin=ESD3_Lock5-2
Added Pin To Net: NetName=FW_V3.3 Pin=FB1-1
Added Pin To Net: NetName=VDDA Pin=FB1-2
Added Pin To Net: NetName=FW_GND Pin=FB2-1
Added Pin To Net: NetName=GNDA Pin=FB2-2
Added Pin To Net: NetName=NetD1_1 Pin=FUSE_1-1
Added Pin To Net: NetName=FW_V24 Pin=FUSE_1-2
Added Pin To Net: NetName=FW_V3.3 Pin=JP1-1
Added Pin To Net: NetName=FW_GND Pin=JP1-2
Added Pin To Net: NetName=SWD_DIO Pin=JP1-3
Added Pin To Net: NetName=SWD_CLK Pin=JP1-4
Added Pin To Net: NetName=NRST Pin=JP1-5
Added Pin To Net: NetName=FW_V3.3 Pin=JP2-1
Added Pin To Net: NetName=FW_GND Pin=JP2-2
Added Pin To Net: NetName=UART2_TXD Pin=JP2-3
Added Pin To Net: NetName=UART2_RXD Pin=JP2-4
Added Pin To Net: NetName=FW_V3.3 Pin=JP3-1
Added Pin To Net: NetName=FW_GND Pin=JP3-2
Added Pin To Net: NetName=UART1_RXD Pin=JP3-3
Added Pin To Net: NetName=UART1_TXD Pin=JP3-4
Added Pin To Net: NetName=NetC7_2 Pin=L1-1
Added Pin To Net: NetName=V3.3 Pin=L1-2
Added Pin To Net: NetName=V3.3 Pin=LED1-A
Added Pin To Net: NetName=NetLED1_K Pin=LED1-K
Added Pin To Net: NetName=V24 Pin=LED2-A
Added Pin To Net: NetName=NetLED2_K Pin=LED2-K
Added Pin To Net: NetName=NetC9_Lock1_1 Pin=Q1_Lock1-1
Added Pin To Net: NetName=FW_V24 Pin=Q1_Lock1-2
Added Pin To Net: NetName=NetC10_Lock1_2 Pin=Q1_Lock1-3
Added Pin To Net: NetName=NetC9_Lock2_1 Pin=Q1_Lock2-1
Added Pin To Net: NetName=FW_V24 Pin=Q1_Lock2-2
Added Pin To Net: NetName=NetC10_Lock2_2 Pin=Q1_Lock2-3
Added Pin To Net: NetName=NetC9_Lock3_1 Pin=Q1_Lock3-1
Added Pin To Net: NetName=FW_V24 Pin=Q1_Lock3-2
Added Pin To Net: NetName=NetC10_Lock3_2 Pin=Q1_Lock3-3
Added Pin To Net: NetName=NetC9_Lock4_1 Pin=Q1_Lock4-1
Added Pin To Net: NetName=FW_V24 Pin=Q1_Lock4-2
Added Pin To Net: NetName=NetC10_Lock4_2 Pin=Q1_Lock4-3
Added Pin To Net: NetName=NetC9_Lock5_1 Pin=Q1_Lock5-1
Added Pin To Net: NetName=FW_V24 Pin=Q1_Lock5-2
Added Pin To Net: NetName=NetC10_Lock5_2 Pin=Q1_Lock5-3
Added Pin To Net: NetName=NetQ2_Lock1_1 Pin=Q2_Lock1-1
Added Pin To Net: NetName=FW_GND Pin=Q2_Lock1-2
Added Pin To Net: NetName=NetQ2_Lock1_3 Pin=Q2_Lock1-3
Added Pin To Net: NetName=NetQ2_Lock2_1 Pin=Q2_Lock2-1
Added Pin To Net: NetName=FW_GND Pin=Q2_Lock2-2
Added Pin To Net: NetName=NetQ2_Lock2_3 Pin=Q2_Lock2-3
Added Pin To Net: NetName=NetQ2_Lock3_1 Pin=Q2_Lock3-1
Added Pin To Net: NetName=FW_GND Pin=Q2_Lock3-2
Added Pin To Net: NetName=NetQ2_Lock3_3 Pin=Q2_Lock3-3
Added Pin To Net: NetName=NetQ2_Lock4_1 Pin=Q2_Lock4-1
Added Pin To Net: NetName=FW_GND Pin=Q2_Lock4-2
Added Pin To Net: NetName=NetQ2_Lock4_3 Pin=Q2_Lock4-3
Added Pin To Net: NetName=NetQ2_Lock5_1 Pin=Q2_Lock5-1
Added Pin To Net: NetName=FW_GND Pin=Q2_Lock5-2
Added Pin To Net: NetName=NetQ2_Lock5_3 Pin=Q2_Lock5-3
Added Pin To Net: NetName=NRST Pin=R1-1
Added Pin To Net: NetName=FW_V3.3 Pin=R1-2
Added Pin To Net: NetName=NetR2_1 Pin=R2-1
Added Pin To Net: NetName=FW_GND Pin=R2-2
Added Pin To Net: NetName=NetR3_1 Pin=R3-1
Added Pin To Net: NetName=V24 Pin=R3-2
Added Pin To Net: NetName=NetR4_1 Pin=R4-1
Added Pin To Net: NetName=SGND Pin=R4-2
Added Pin To Net: NetName=NetR5_1 Pin=R5-1
Added Pin To Net: NetName=NetR4_1 Pin=R5-2
Added Pin To Net: NetName=NetR5_1 Pin=R6-1
Added Pin To Net: NetName=V3.3 Pin=R6-2
Added Pin To Net: NetName=FW_GND Pin=R7-1
Added Pin To Net: NetName=NetLED1_K Pin=R7-2
Added Pin To Net: NetName=FW_GND Pin=R8-1
Added Pin To Net: NetName=NetLED2_K Pin=R8-2
Added Pin To Net: NetName=FW_GND Pin=R9-1
Added Pin To Net: NetName=SGND Pin=R9-2
Added Pin To Net: NetName=NetC9_Lock1_1 Pin=R10_Lock1-1
Added Pin To Net: NetName=FW_V24 Pin=R10_Lock1-2
Added Pin To Net: NetName=NetC9_Lock2_1 Pin=R10_Lock2-1
Added Pin To Net: NetName=FW_V24 Pin=R10_Lock2-2
Added Pin To Net: NetName=NetC9_Lock3_1 Pin=R10_Lock3-1
Added Pin To Net: NetName=FW_V24 Pin=R10_Lock3-2
Added Pin To Net: NetName=NetC9_Lock4_1 Pin=R10_Lock4-1
Added Pin To Net: NetName=FW_V24 Pin=R10_Lock4-2
Added Pin To Net: NetName=NetC9_Lock5_1 Pin=R10_Lock5-1
Added Pin To Net: NetName=FW_V24 Pin=R10_Lock5-2
Added Pin To Net: NetName=NetC9_Lock1_1 Pin=R11_Lock1-1
Added Pin To Net: NetName=NetQ2_Lock1_3 Pin=R11_Lock1-2
Added Pin To Net: NetName=NetC9_Lock2_1 Pin=R11_Lock2-1
Added Pin To Net: NetName=NetQ2_Lock2_3 Pin=R11_Lock2-2
Added Pin To Net: NetName=NetC9_Lock3_1 Pin=R11_Lock3-1
Added Pin To Net: NetName=NetQ2_Lock3_3 Pin=R11_Lock3-2
Added Pin To Net: NetName=NetC9_Lock4_1 Pin=R11_Lock4-1
Added Pin To Net: NetName=NetQ2_Lock4_3 Pin=R11_Lock4-2
Added Pin To Net: NetName=NetC9_Lock5_1 Pin=R11_Lock5-1
Added Pin To Net: NetName=NetQ2_Lock5_3 Pin=R11_Lock5-2
Added Pin To Net: NetName=OUT_EN1 Pin=R12_Lock1-1
Added Pin To Net: NetName=NetQ2_Lock1_1 Pin=R12_Lock1-2
Added Pin To Net: NetName=OUT_EN2 Pin=R12_Lock2-1
Added Pin To Net: NetName=NetQ2_Lock2_1 Pin=R12_Lock2-2
Added Pin To Net: NetName=OUT_EN3 Pin=R12_Lock3-1
Added Pin To Net: NetName=NetQ2_Lock3_1 Pin=R12_Lock3-2
Added Pin To Net: NetName=OUT_EN4 Pin=R12_Lock4-1
Added Pin To Net: NetName=NetQ2_Lock4_1 Pin=R12_Lock4-2
Added Pin To Net: NetName=OUT_EN5 Pin=R12_Lock5-1
Added Pin To Net: NetName=NetQ2_Lock5_1 Pin=R12_Lock5-2
Added Pin To Net: NetName=FW_GND Pin=R13_Lock1-1
Added Pin To Net: NetName=NetQ2_Lock1_1 Pin=R13_Lock1-2
Added Pin To Net: NetName=FW_GND Pin=R13_Lock2-1
Added Pin To Net: NetName=NetQ2_Lock2_1 Pin=R13_Lock2-2
Added Pin To Net: NetName=FW_GND Pin=R13_Lock3-1
Added Pin To Net: NetName=NetQ2_Lock3_1 Pin=R13_Lock3-2
Added Pin To Net: NetName=FW_GND Pin=R13_Lock4-1
Added Pin To Net: NetName=NetQ2_Lock4_1 Pin=R13_Lock4-2
Added Pin To Net: NetName=FW_GND Pin=R13_Lock5-1
Added Pin To Net: NetName=NetQ2_Lock5_1 Pin=R13_Lock5-2
Added Pin To Net: NetName=NetCON1_Lock1_4 Pin=R14_Lock1-1
Added Pin To Net: NetName=FW_V3.3 Pin=R14_Lock1-2
Added Pin To Net: NetName=NetCON1_Lock2_4 Pin=R14_Lock2-1
Added Pin To Net: NetName=FW_V3.3 Pin=R14_Lock2-2
Added Pin To Net: NetName=NetCON1_Lock3_4 Pin=R14_Lock3-1
Added Pin To Net: NetName=FW_V3.3 Pin=R14_Lock3-2
Added Pin To Net: NetName=NetCON1_Lock4_4 Pin=R14_Lock4-1
Added Pin To Net: NetName=FW_V3.3 Pin=R14_Lock4-2
Added Pin To Net: NetName=NetCON1_Lock5_4 Pin=R14_Lock5-1
Added Pin To Net: NetName=FW_V3.3 Pin=R14_Lock5-2
Added Pin To Net: NetName=NetCON1_Lock1_4 Pin=R15_Lock1-1
Added Pin To Net: NetName=FB_IN1 Pin=R15_Lock1-2
Added Pin To Net: NetName=NetCON1_Lock2_4 Pin=R15_Lock2-1
Added Pin To Net: NetName=FB_IN2 Pin=R15_Lock2-2
Added Pin To Net: NetName=NetCON1_Lock3_4 Pin=R15_Lock3-1
Added Pin To Net: NetName=FB_IN3 Pin=R15_Lock3-2
Added Pin To Net: NetName=NetCON1_Lock4_4 Pin=R15_Lock4-1
Added Pin To Net: NetName=FB_IN4 Pin=R15_Lock4-2
Added Pin To Net: NetName=NetCON1_Lock5_4 Pin=R15_Lock5-1
Added Pin To Net: NetName=FB_IN5 Pin=R15_Lock5-2
Added Pin To Net: NetName=NRST Pin=S1-1
Added Pin To Net: NetName=FW_GND Pin=S1-2
Added Pin To Net: NetName=NetC10_Lock1_2 Pin=TP1_Lock1-1
Added Pin To Net: NetName=NetC10_Lock2_2 Pin=TP1_Lock2-1
Added Pin To Net: NetName=NetC10_Lock3_2 Pin=TP1_Lock3-1
Added Pin To Net: NetName=NetC10_Lock4_2 Pin=TP1_Lock4-1
Added Pin To Net: NetName=NetC10_Lock5_2 Pin=TP1_Lock5-1
Added Pin To Net: NetName=NetCON1_Lock1_4 Pin=TP2_Lock1-1
Added Pin To Net: NetName=NetCON1_Lock2_4 Pin=TP2_Lock2-1
Added Pin To Net: NetName=NetCON1_Lock3_4 Pin=TP2_Lock3-1
Added Pin To Net: NetName=NetCON1_Lock4_4 Pin=TP2_Lock4-1
Added Pin To Net: NetName=NetCON1_Lock5_4 Pin=TP2_Lock5-1
Added Pin To Net: NetName=FW_V3.3 Pin=U1-1
Added Pin To Net: NetName=NRST Pin=U1-7
Added Pin To Net: NetName=GNDA Pin=U1-8
Added Pin To Net: NetName=VDDA Pin=U1-9
Added Pin To Net: NetName=UART2_TXD Pin=U1-12
Added Pin To Net: NetName=UART2_RXD Pin=U1-13
Added Pin To Net: NetName=FB_IN1 Pin=U1-14
Added Pin To Net: NetName=OUT_EN1 Pin=U1-15
Added Pin To Net: NetName=FB_IN2 Pin=U1-16
Added Pin To Net: NetName=OUT_EN2 Pin=U1-17
Added Pin To Net: NetName=FB_IN4 Pin=U1-18
Added Pin To Net: NetName=OUT_EN3 Pin=U1-19
Added Pin To Net: NetName=FB_IN3 Pin=U1-20
Added Pin To Net: NetName=OUT_EN4 Pin=U1-21
Added Pin To Net: NetName=FW_GND Pin=U1-23
Added Pin To Net: NetName=FW_V3.3 Pin=U1-24
Added Pin To Net: NetName=OUT_EN5 Pin=U1-25
Added Pin To Net: NetName=FB_IN5 Pin=U1-26
Added Pin To Net: NetName=UART1_TXD Pin=U1-30
Added Pin To Net: NetName=UART1_RXD Pin=U1-31
Added Pin To Net: NetName=SWD_DIO Pin=U1-34
Added Pin To Net: NetName=SWD_CLK Pin=U1-37
Added Pin To Net: NetName=NetR2_1 Pin=U1-44
Added Pin To Net: NetName=FW_GND Pin=U1-47
Added Pin To Net: NetName=FW_V3.3 Pin=U1-48
Added Pin To Net: NetName=NetC7_1 Pin=U2-1
Added Pin To Net: NetName=SGND Pin=U2-2
Added Pin To Net: NetName=NetR5_1 Pin=U2-3
Added Pin To Net: NetName=NetR3_1 Pin=U2-4
Added Pin To Net: NetName=V24 Pin=U2-5
Added Pin To Net: NetName=NetC7_2 Pin=U2-6
Added Member To Class: ClassName=MCU Member=Component C1 100nF(104) 10% 50V
Added Member To Class: ClassName=MCU Member=Component C2 100nF (104) 10% 50V
Added Member To Class: ClassName=MCU Member=Component C3 100nF (104) 10% 50V
Added Member To Class: ClassName=MCU Member=Component C4 100nF (104) 10% 50V
Added Member To Class: ClassName=MCU Member=Component C5 100nF (104) 10% 50V
Added Member To Class: ClassName=Power Member=Component C6 22uF (226) 20% 25V
Added Member To Class: ClassName=Power Member=Component C7 22nF (223) 10% 50V
Added Member To Class: ClassName=Power Member=Component C8 10uF (106) 10% 25V
Added Member To Class: ClassName=Lock1 Member=Component C9_Lock1 (C9) NC
Added Member To Class: ClassName=Lock2 Member=Component C9_Lock2 (C9) NC
Added Member To Class: ClassName=Lock3 Member=Component C9_Lock3 (C9) NC
Added Member To Class: ClassName=Lock4 Member=Component C9_Lock4 (C9) NC
Added Member To Class: ClassName=Lock5 Member=Component C9_Lock5 (C9) NC
Added Member To Class: ClassName=Lock1 Member=Component C10_Lock1 (C10) 10uF (106) 10% 25V
Added Member To Class: ClassName=Lock2 Member=Component C10_Lock2 (C10) 10uF (106) 10% 25V
Added Member To Class: ClassName=Lock3 Member=Component C10_Lock3 (C10) 10uF (106) 10% 25V
Added Member To Class: ClassName=Lock4 Member=Component C10_Lock4 (C10) 10uF (106) 10% 25V
Added Member To Class: ClassName=Lock5 Member=Component C10_Lock5 (C10) 10uF (106) 10% 25V
Added Member To Class: ClassName=Lock1 Member=Component CON1_Lock1 (CON1) 4P_PH2.54_W
Added Member To Class: ClassName=Lock2 Member=Component CON1_Lock2 (CON1) 4P_PH2.54_W
Added Member To Class: ClassName=Lock3 Member=Component CON1_Lock3 (CON1) 4P_PH2.54_W
Added Member To Class: ClassName=Lock4 Member=Component CON1_Lock4 (CON1) 4P_PH2.54_W
Added Member To Class: ClassName=Lock5 Member=Component CON1_Lock5 (CON1) 4P_PH2.54_W
Added Member To Class: ClassName=Power Member=Component D1 SS54
Added Member To Class: ClassName=Power Member=Component D2 1N4148WS T4
Added Member To Class: ClassName=Power Member=Component D3 SS210
Added Member To Class: ClassName=Power Member=Component D4 ZMM3V3
Added Member To Class: ClassName=Lock1 Member=Component D5_Lock1 (D5) B5819W  SL
Added Member To Class: ClassName=Lock2 Member=Component D5_Lock2 (D5) B5819W  SL
Added Member To Class: ClassName=Lock3 Member=Component D5_Lock3 (D5) B5819W  SL
Added Member To Class: ClassName=Lock4 Member=Component D5_Lock4 (D5) B5819W  SL
Added Member To Class: ClassName=Lock5 Member=Component D5_Lock5 (D5) B5819W  SL
Added Member To Class: ClassName=Power Member=Component ESD1 ESD5Z12T
Added Member To Class: ClassName=Power Member=Component ESD2 ESD5Z12T
Added Member To Class: ClassName=Lock1 Member=Component ESD3_Lock1 (ESD3) ESD-AC
Added Member To Class: ClassName=Lock2 Member=Component ESD3_Lock2 (ESD3) ESD-AC
Added Member To Class: ClassName=Lock3 Member=Component ESD3_Lock3 (ESD3) ESD-AC
Added Member To Class: ClassName=Lock4 Member=Component ESD3_Lock4 (ESD3) ESD-AC
Added Member To Class: ClassName=Lock5 Member=Component ESD3_Lock5 (ESD3) ESD-AC
Added Member To Class: ClassName=MCU Member=Component FB1 100次 ㊣25% 100MHz
Added Member To Class: ClassName=MCU Member=Component FB2 100次 ㊣25% 100MHz
Added Member To Class: ClassName=Power Member=Component FUSE_1 SMD1812P260_FUSE
Added Member To Class: ClassName=MCU Member=Component JP1 HDR-1X5
Added Member To Class: ClassName=MCU Member=Component JP2 HDR-1X4
Added Member To Class: ClassName=MCU Member=Component JP3 HDR-1X4
Added Member To Class: ClassName=Power Member=Component L1 4.7uH ㊣10%
Added Member To Class: ClassName=Power Member=Component LED1 酴腑 0603
Added Member To Class: ClassName=Power Member=Component LED2 蟯腑 0603
Added Member To Class: ClassName=Lock1 Member=Component Q1_Lock1 (Q1) AO3401A P耋僱 X13A15 SOT-23
Added Member To Class: ClassName=Lock2 Member=Component Q1_Lock2 (Q1) AO3401A P耋僱 X13A15 SOT-23
Added Member To Class: ClassName=Lock3 Member=Component Q1_Lock3 (Q1) AO3401A P耋僱 X13A15 SOT-23
Added Member To Class: ClassName=Lock4 Member=Component Q1_Lock4 (Q1) AO3401A P耋僱 X13A15 SOT-23
Added Member To Class: ClassName=Lock5 Member=Component Q1_Lock5 (Q1) AO3401A P耋僱 X13A15 SOT-23
Added Member To Class: ClassName=Lock1 Member=Component Q2_Lock1 (Q2) SS8050 Y1
Added Member To Class: ClassName=Lock2 Member=Component Q2_Lock2 (Q2) SS8050 Y1
Added Member To Class: ClassName=Lock3 Member=Component Q2_Lock3 (Q2) SS8050 Y1
Added Member To Class: ClassName=Lock4 Member=Component Q2_Lock4 (Q2) SS8050 Y1
Added Member To Class: ClassName=Lock5 Member=Component Q2_Lock5 (Q2) SS8050 Y1
Added Member To Class: ClassName=MCU Member=Component R1 10K次 (1002) ㊣1%
Added Member To Class: ClassName=MCU Member=Component R2 10K次 (1002) ㊣1%
Added Member To Class: ClassName=Power Member=Component R3 100K次 (1003) ㊣1%
Added Member To Class: ClassName=Power Member=Component R4 200次 (2000) ㊣1%
Added Member To Class: ClassName=Power Member=Component R5 16K次 (1602) ㊣1%
Added Member To Class: ClassName=Power Member=Component R6 49.9K次 (4992) ㊣1%
Added Member To Class: ClassName=Power Member=Component R7 270次 (2700) ㊣1%
Added Member To Class: ClassName=Power Member=Component R8 4.7K次 (4701) ㊣1%
Added Member To Class: ClassName=Power Member=Component R9 0次 (0R0) ㊣1%
Added Member To Class: ClassName=Lock1 Member=Component R10_Lock1 (R10) 100K次 (1003) ㊣1%
Added Member To Class: ClassName=Lock2 Member=Component R10_Lock2 (R10) 100K次 (1003) ㊣1%
Added Member To Class: ClassName=Lock3 Member=Component R10_Lock3 (R10) 100K次 (1003) ㊣1%
Added Member To Class: ClassName=Lock4 Member=Component R10_Lock4 (R10) 100K次 (1003) ㊣1%
Added Member To Class: ClassName=Lock5 Member=Component R10_Lock5 (R10) 100K次 (1003) ㊣1%
Added Member To Class: ClassName=Lock1 Member=Component R11_Lock1 (R11) 1K次 (1001) ㊣1%
Added Member To Class: ClassName=Lock2 Member=Component R11_Lock2 (R11) 1K次 (1001) ㊣1%
Added Member To Class: ClassName=Lock3 Member=Component R11_Lock3 (R11) 1K次 (1001) ㊣1%
Added Member To Class: ClassName=Lock4 Member=Component R11_Lock4 (R11) 1K次 (1001) ㊣1%
Added Member To Class: ClassName=Lock5 Member=Component R11_Lock5 (R11) 1K次 (1001) ㊣1%
Added Member To Class: ClassName=Lock1 Member=Component R12_Lock1 (R12) 1K次 (1001) ㊣1%
Added Member To Class: ClassName=Lock2 Member=Component R12_Lock2 (R12) 1K次 (1001) ㊣1%
Added Member To Class: ClassName=Lock3 Member=Component R12_Lock3 (R12) 1K次 (1001) ㊣1%
Added Member To Class: ClassName=Lock4 Member=Component R12_Lock4 (R12) 1K次 (1001) ㊣1%
Added Member To Class: ClassName=Lock5 Member=Component R12_Lock5 (R12) 1K次 (1001) ㊣1%
Added Member To Class: ClassName=Lock1 Member=Component R13_Lock1 (R13) 10K次 (1002) ㊣1%
Added Member To Class: ClassName=Lock2 Member=Component R13_Lock2 (R13) 10K次 (1002) ㊣1%
Added Member To Class: ClassName=Lock3 Member=Component R13_Lock3 (R13) 10K次 (1002) ㊣1%
Added Member To Class: ClassName=Lock4 Member=Component R13_Lock4 (R13) 10K次 (1002) ㊣1%
Added Member To Class: ClassName=Lock5 Member=Component R13_Lock5 (R13) 10K次 (1002) ㊣1%
Added Member To Class: ClassName=Lock1 Member=Component R14_Lock1 (R14) NC
Added Member To Class: ClassName=Lock2 Member=Component R14_Lock2 (R14) NC
Added Member To Class: ClassName=Lock3 Member=Component R14_Lock3 (R14) NC
Added Member To Class: ClassName=Lock4 Member=Component R14_Lock4 (R14) NC
Added Member To Class: ClassName=Lock5 Member=Component R14_Lock5 (R14) NC
Added Member To Class: ClassName=Lock1 Member=Component R15_Lock1 (R15) 1K次 (1001) ㊣1%
Added Member To Class: ClassName=Lock2 Member=Component R15_Lock2 (R15) 1K次 (1001) ㊣1%
Added Member To Class: ClassName=Lock3 Member=Component R15_Lock3 (R15) 1K次 (1001) ㊣1%
Added Member To Class: ClassName=Lock4 Member=Component R15_Lock4 (R15) 1K次 (1001) ㊣1%
Added Member To Class: ClassName=Lock5 Member=Component R15_Lock5 (R15) 1K次 (1001) ㊣1%
Added Member To Class: ClassName=MCU Member=Component S1 SW-SPST
Added Member To Class: ClassName=Lock1 Member=Component TP1_Lock1 (TP1) TP
Added Member To Class: ClassName=Lock2 Member=Component TP1_Lock2 (TP1) TP
Added Member To Class: ClassName=Lock3 Member=Component TP1_Lock3 (TP1) TP
Added Member To Class: ClassName=Lock4 Member=Component TP1_Lock4 (TP1) TP
Added Member To Class: ClassName=Lock5 Member=Component TP1_Lock5 (TP1) TP
Added Member To Class: ClassName=Lock1 Member=Component TP2_Lock1 (TP2) TP
Added Member To Class: ClassName=Lock2 Member=Component TP2_Lock2 (TP2) TP
Added Member To Class: ClassName=Lock3 Member=Component TP2_Lock3 (TP2) TP
Added Member To Class: ClassName=Lock4 Member=Component TP2_Lock4 (TP2) TP
Added Member To Class: ClassName=Lock5 Member=Component TP2_Lock5 (TP2) TP
Added Member To Class: ClassName=MCU Member=Component U1 STM32F030C8T6
Added Member To Class: ClassName=Power Member=Component U2 MP2359DJ-LF-Z
Added Room: Name=Lock1
Added Room: Name=Lock2
Added Room: Name=Lock3
Added Room: Name=Lock4
Added Room: Name=Lock5
Added Room: Name=MCU
Added Room: Name=Power
